<?xml version="1.0" encoding="UTF-8"?>
<!-- Generated by org.testng.reporters.JUnitXMLReporter -->
<testsuite ignored="0" hostname="LAPTOP-6TD2M6NN" failures="1" tests="3" name="Error Validations Test" time="29.077" errors="0" timestamp="2024-09-30T19:00:22 IST">
  <testcase classname="rahulshettyacademy.Tests.ErrorValidationsTest" name="LoginValidationTest" time="0.556">
    <skipped/>
  </testcase> <!-- LoginValidationTest -->
  <testcase classname="rahulshettyacademy.Tests.ErrorValidationsTest" name="LoginValidationTest" time="0.467">
    <failure type="java.lang.AssertionError" message="expected [Incorrect email or password.] but found [Incorrect email   password.]">
      <![CDATA[java.lang.AssertionError: expected [Incorrect email or password.] but found [Incorrect email   password.]
at rahulshettyacademy.Tests.ErrorValidationsTest.LoginValidationTest(ErrorValidationsTest.java:30)
at java.base/java.util.ArrayList.forEach(ArrayList.java:1597)
at java.base/java.util.concurrent.FutureTask.run(FutureTask.java:317)
at java.base/java.util.concurrent.ThreadPoolExecutor.runWorker(ThreadPoolExecutor.java:1144)
at java.base/java.util.concurrent.ThreadPoolExecutor$Worker.run(ThreadPoolExecutor.java:642)
at java.base/java.lang.Thread.run(Thread.java:1570)
... Removed 21 stack frames]]>
    </failure>
  </testcase> <!-- LoginValidationTest -->
  <testcase classname="rahulshettyacademy.Tests.ErrorValidationsTest" name="ProductValidationsTest" time="12.202"/>
</testsuite> <!-- Error Validations Test -->
