<?xml version="1.0" encoding="UTF-8"?>
<!-- Generated by org.testng.reporters.JUnitXMLReporter -->
<testsuite ignored="0" hostname="LAPTOP-6TD2M6NN" failures="0" tests="3" name="Submit Order Test" time="18.788" errors="0" timestamp="2024-09-30T19:00:12 IST">
  <testcase classname="rahulshettyacademy.Tests.SubmitOrderTest" name="SubmitTest" time="3.637"/>
  <testcase classname="rahulshettyacademy.Tests.SubmitOrderTest" name="SubmitTest" time="3.328"/>
  <testcase classname="rahulshettyacademy.Tests.SubmitOrderTest" name="OrderHistoryTest" time="0.855"/>
</testsuite> <!-- Submit Order Test -->
