<?xml version="1.0" encoding="UTF-8"?>
<!-- Generated by org.testng.reporters.JUnitXMLReporter -->
<testsuite ignored="1" hostname="LAPTOP-6TD2M6NN" failures="1" tests="2" name="Error Validations Test" time="7.076" errors="0" timestamp="2024-10-03T12:30:13 IST">
  <testcase classname="rahulshettyacademy.Tests.ErrorValidationsTest" name="LoginValidationTest" time="1.047">
    <skipped/>
  </testcase> <!-- LoginValidationTest -->
  <testcase classname="rahulshettyacademy.Tests.ErrorValidationsTest" name="LoginValidationTest" time="0.97">
    <failure type="java.lang.AssertionError" message="expected [Incorrect email or password.] but found [Incorrect email   password.]">
      <![CDATA[java.lang.AssertionError: expected [Incorrect email or password.] but found [Incorrect email   password.]
at rahulshettyacademy.Tests.ErrorValidationsTest.LoginValidationTest(ErrorValidationsTest.java:30)
at java.base/java.util.ArrayList.forEach(ArrayList.java:1597)
at java.base/java.util.concurrent.FutureTask.run(FutureTask.java:317)
at java.base/java.util.concurrent.ThreadPoolExecutor.runWorker(ThreadPoolExecutor.java:1144)
at java.base/java.util.concurrent.ThreadPoolExecutor$Worker.run(ThreadPoolExecutor.java:642)
at java.base/java.lang.Thread.run(Thread.java:1575)
... Removed 21 stack frames]]>
    </failure>
  </testcase> <!-- LoginValidationTest -->
  <testcase classname="rahulshettyacademy.Tests.ErrorValidationsTest" name="ProductValidationsTest" time="0.0">
    <ignored/>
  </testcase> <!-- ProductValidationsTest -->
</testsuite> <!-- Error Validations Test -->
