<?xml version="1.0" encoding="UTF-8"?>
<!-- Generated by org.testng.reporters.JUnitXMLReporter -->
<testsuite ignored="2" hostname="LAPTOP-6TD2M6NN" failures="0" tests="0" time="0.012" errors="0" timestamp="2024-10-03T12:30:06 IST">
  <testcase classname="rahulshettyacademy.Tests.SubmitOrderTest" name="SubmitTest" time="0.0">
    <ignored/>
  </testcase> <!-- SubmitTest -->
  <testcase classname="rahulshettyacademy.Tests.SubmitOrderTest" name="OrderHistoryTest" time="0.0">
    <ignored/>
  </testcase> <!-- OrderHistoryTest -->
</testsuite>
